[2025-02-15 19:58:23,485] INFO [Hibernate.HibernateRunner: 27] User entity is in transient state, object: User(username=iva34331444433n@mail.ru, firstname=Iva2n, lastname=N, birthday=Birthday[birthday=2000-10-11], role=ADMIN) 
[2025-02-15 19:58:23,556] INFO [org.hibernate.Version: 44] HHH000412: Hibernate ORM core version 6.6.7.Final
[2025-02-15 19:58:23,792] INFO [org.hibernate.cache.internal.RegionFactoryInitiator: 50] HHH000026: Second-level cache disabled
[2025-02-15 19:58:23,912] WARN [org.hibernate.orm.connections.pooling: 86] HHH10001002: Using built-in connection pool (not intended for production use)
[2025-02-15 19:58:24,113] WARN [org.hibernate.orm.deprecation: 153] HHH90000025: PostgreSQLDialect does not need to be specified explicitly using 'hibernate.dialect' (remove the property setting and it will be selected by default)
[2025-02-15 19:58:24,131] INFO [org.hibernate.orm.connections.pooling: 157] HHH10001005: Database info:
	Database JDBC URL [jdbc:postgresql://localhost:5432/postgres]
	Database driver: org.postgresql.Driver
	Database version: 17.2
	Autocommit mode: false
	Isolation level: undefined/unknown
	Minimum pool size: 1
	Maximum pool size: 20
[2025-02-15 19:58:24,937] INFO [org.hibernate.engine.transaction.jta.platform.internal.JtaPlatformInitiator: 59] HHH000489: No JTA platform available (set 'hibernate.transaction.jta.platform' to enable JTA platform integration)
[2025-02-15 20:24:18,290] INFO [Hibernate.HibernateRunner: 31] User entity is in transient state, object: User(username=iva3433144443413n@mail.ru, personalInfo=PersonalInfo(firstname=Alex, lastname=Fila, birthday=Birthday[birthday=2000-10-11]), role=ADMIN) 
[2025-02-15 20:24:18,367] INFO [org.hibernate.Version: 44] HHH000412: Hibernate ORM core version 6.6.7.Final
[2025-02-15 20:24:18,609] INFO [org.hibernate.cache.internal.RegionFactoryInitiator: 50] HHH000026: Second-level cache disabled
[2025-02-15 20:24:18,738] WARN [org.hibernate.orm.connections.pooling: 86] HHH10001002: Using built-in connection pool (not intended for production use)
[2025-02-15 20:24:18,949] WARN [org.hibernate.orm.deprecation: 153] HHH90000025: PostgreSQLDialect does not need to be specified explicitly using 'hibernate.dialect' (remove the property setting and it will be selected by default)
[2025-02-15 20:24:18,964] INFO [org.hibernate.orm.connections.pooling: 157] HHH10001005: Database info:
	Database JDBC URL [jdbc:postgresql://localhost:5432/postgres]
	Database driver: org.postgresql.Driver
	Database version: 17.2
	Autocommit mode: false
	Isolation level: undefined/unknown
	Minimum pool size: 1
	Maximum pool size: 20
[2025-02-15 20:24:19,802] INFO [org.hibernate.engine.transaction.jta.platform.internal.JtaPlatformInitiator: 59] HHH000489: No JTA platform available (set 'hibernate.transaction.jta.platform' to enable JTA platform integration)
[2025-02-16 17:13:03,598] INFO [Hibernate.HibernateRunner: 31] User entity is in transient state, object: User(id=null, username=iva34333144443413n@mail.ru, personalInfo=PersonalInfo(firstname=Alex, lastname=Fila, birthday=Birthday[birthday=2000-10-11]), role=ADMIN) 
[2025-02-16 17:13:03,692] INFO [org.hibernate.Version: 44] HHH000412: Hibernate ORM core version 6.6.7.Final
[2025-02-16 17:13:03,985] INFO [org.hibernate.cache.internal.RegionFactoryInitiator: 50] HHH000026: Second-level cache disabled
[2025-02-16 17:13:04,078] WARN [org.hibernate.orm.connections.pooling: 86] HHH10001002: Using built-in connection pool (not intended for production use)
[2025-02-16 17:13:04,289] WARN [org.hibernate.orm.deprecation: 153] HHH90000025: PostgreSQLDialect does not need to be specified explicitly using 'hibernate.dialect' (remove the property setting and it will be selected by default)
[2025-02-16 17:13:04,303] INFO [org.hibernate.orm.connections.pooling: 157] HHH10001005: Database info:
	Database JDBC URL [jdbc:postgresql://localhost:5432/postgres]
	Database driver: org.postgresql.Driver
	Database version: 17.2
	Autocommit mode: false
	Isolation level: undefined/unknown
	Minimum pool size: 1
	Maximum pool size: 20
[2025-02-16 17:13:41,216] INFO [Hibernate.HibernateRunner: 31] User entity is in transient state, object: User(id=null, username=xui.ru, personalInfo=PersonalInfo(firstname=Alex, lastname=Fila, birthday=Birthday[birthday=2000-10-11]), role=ADMIN) 
[2025-02-16 17:13:41,295] INFO [org.hibernate.Version: 44] HHH000412: Hibernate ORM core version 6.6.7.Final
[2025-02-16 17:13:41,543] INFO [org.hibernate.cache.internal.RegionFactoryInitiator: 50] HHH000026: Second-level cache disabled
[2025-02-16 17:13:41,665] WARN [org.hibernate.orm.connections.pooling: 86] HHH10001002: Using built-in connection pool (not intended for production use)
[2025-02-16 17:13:41,858] WARN [org.hibernate.orm.deprecation: 153] HHH90000025: PostgreSQLDialect does not need to be specified explicitly using 'hibernate.dialect' (remove the property setting and it will be selected by default)
[2025-02-16 17:13:41,872] INFO [org.hibernate.orm.connections.pooling: 157] HHH10001005: Database info:
	Database JDBC URL [jdbc:postgresql://localhost:5432/postgres]
	Database driver: org.postgresql.Driver
	Database version: 17.2
	Autocommit mode: false
	Isolation level: undefined/unknown
	Minimum pool size: 1
	Maximum pool size: 20
[2025-02-16 17:19:28,672] INFO [Hibernate.HibernateRunner: 31] User entity is in transient state, object: User(id=null, username=xui.ru, personalInfo=PersonalInfo(firstname=Alex, lastname=Fila, birthday=Birthday[birthday=2000-10-11]), role=ADMIN) 
[2025-02-16 17:19:28,795] INFO [org.hibernate.Version: 44] HHH000412: Hibernate ORM core version 6.6.7.Final
[2025-02-16 17:19:29,145] INFO [org.hibernate.cache.internal.RegionFactoryInitiator: 50] HHH000026: Second-level cache disabled
[2025-02-16 17:19:29,262] WARN [org.hibernate.orm.connections.pooling: 86] HHH10001002: Using built-in connection pool (not intended for production use)
[2025-02-16 17:19:29,498] WARN [org.hibernate.orm.deprecation: 153] HHH90000025: PostgreSQLDialect does not need to be specified explicitly using 'hibernate.dialect' (remove the property setting and it will be selected by default)
[2025-02-16 17:19:29,512] INFO [org.hibernate.orm.connections.pooling: 157] HHH10001005: Database info:
	Database JDBC URL [jdbc:postgresql://localhost:5432/postgres]
	Database driver: org.postgresql.Driver
	Database version: 17.2
	Autocommit mode: false
	Isolation level: undefined/unknown
	Minimum pool size: 1
	Maximum pool size: 20
[2025-02-16 17:19:30,596] INFO [org.hibernate.engine.transaction.jta.platform.internal.JtaPlatformInitiator: 59] HHH000489: No JTA platform available (set 'hibernate.transaction.jta.platform' to enable JTA platform integration)
[2025-02-16 17:19:30,677] WARN [org.hibernate.engine.jdbc.spi.SqlExceptionHelper: 145] SQL Error: 0, SQLState: 42703
[2025-02-16 17:19:30,678] ERROR [org.hibernate.engine.jdbc.spi.SqlExceptionHelper: 150] ERROR: column "birthday" of relation "users" does not exist
  Позиция: 27
[2025-02-16 17:19:30,684] ERROR [org.hibernate.orm.connections.pooling: 483] Connection leak detected: there are 1 unclosed connections upon shutting down pool jdbc:postgresql://localhost:5432/postgres
[2025-02-16 17:19:30,685] ERROR [org.hibernate.orm.connections.pooling: 311] Connection leak detected: there are 1 unclosed connections
[2025-02-16 17:21:42,624] INFO [Hibernate.HibernateRunner: 31] User entity is in transient state, object: User(id=null, username=xui.ru, personalInfo=PersonalInfo(firstname=Alex, lastname=Fila, birthday=Birthday[birthday=2000-10-11]), role=ADMIN) 
[2025-02-16 17:21:42,750] INFO [org.hibernate.Version: 44] HHH000412: Hibernate ORM core version 6.6.7.Final
[2025-02-16 17:21:43,043] INFO [org.hibernate.cache.internal.RegionFactoryInitiator: 50] HHH000026: Second-level cache disabled
[2025-02-16 17:21:43,174] WARN [org.hibernate.orm.connections.pooling: 86] HHH10001002: Using built-in connection pool (not intended for production use)
[2025-02-16 17:21:43,396] WARN [org.hibernate.orm.deprecation: 153] HHH90000025: PostgreSQLDialect does not need to be specified explicitly using 'hibernate.dialect' (remove the property setting and it will be selected by default)
[2025-02-16 17:21:43,411] INFO [org.hibernate.orm.connections.pooling: 157] HHH10001005: Database info:
	Database JDBC URL [jdbc:postgresql://localhost:5432/postgres]
	Database driver: org.postgresql.Driver
	Database version: 17.2
	Autocommit mode: false
	Isolation level: undefined/unknown
	Minimum pool size: 1
	Maximum pool size: 20
[2025-02-16 17:21:44,450] INFO [org.hibernate.engine.transaction.jta.platform.internal.JtaPlatformInitiator: 59] HHH000489: No JTA platform available (set 'hibernate.transaction.jta.platform' to enable JTA platform integration)
[2025-02-16 17:21:44,514] WARN [org.hibernate.engine.jdbc.spi.SqlExceptionHelper: 145] SQL Error: 0, SQLState: 42703
[2025-02-16 17:21:44,514] ERROR [org.hibernate.engine.jdbc.spi.SqlExceptionHelper: 150] ERROR: column "birthday" of relation "users" does not exist
  Позиция: 27
[2025-02-16 17:21:44,522] ERROR [org.hibernate.orm.connections.pooling: 483] Connection leak detected: there are 1 unclosed connections upon shutting down pool jdbc:postgresql://localhost:5432/postgres
[2025-02-16 17:21:44,524] ERROR [org.hibernate.orm.connections.pooling: 311] Connection leak detected: there are 1 unclosed connections
[2025-02-16 17:23:05,283] INFO [Hibernate.HibernateRunner: 31] User entity is in transient state, object: User(id=null, username=xui.ru, personalInfo=PersonalInfo(firstname=Alex, lastname=Fila, birthdate=Birthday[birthday=2000-10-11]), role=ADMIN) 
[2025-02-16 17:23:05,380] INFO [org.hibernate.Version: 44] HHH000412: Hibernate ORM core version 6.6.7.Final
[2025-02-16 17:23:05,684] INFO [org.hibernate.cache.internal.RegionFactoryInitiator: 50] HHH000026: Second-level cache disabled
[2025-02-16 17:23:05,833] WARN [org.hibernate.orm.connections.pooling: 86] HHH10001002: Using built-in connection pool (not intended for production use)
[2025-02-16 17:23:06,085] WARN [org.hibernate.orm.deprecation: 153] HHH90000025: PostgreSQLDialect does not need to be specified explicitly using 'hibernate.dialect' (remove the property setting and it will be selected by default)
[2025-02-16 17:23:06,102] INFO [org.hibernate.orm.connections.pooling: 157] HHH10001005: Database info:
	Database JDBC URL [jdbc:postgresql://localhost:5432/postgres]
	Database driver: org.postgresql.Driver
	Database version: 17.2
	Autocommit mode: false
	Isolation level: undefined/unknown
	Minimum pool size: 1
	Maximum pool size: 20
[2025-02-16 17:23:07,067] INFO [org.hibernate.engine.transaction.jta.platform.internal.JtaPlatformInitiator: 59] HHH000489: No JTA platform available (set 'hibernate.transaction.jta.platform' to enable JTA platform integration)
[2025-02-16 17:23:07,128] WARN [org.hibernate.engine.jdbc.spi.SqlExceptionHelper: 145] SQL Error: 0, SQLState: 42703
[2025-02-16 17:23:07,128] ERROR [org.hibernate.engine.jdbc.spi.SqlExceptionHelper: 150] ERROR: column "birthdate" of relation "users" does not exist
  Позиция: 27
[2025-02-16 17:23:07,135] ERROR [org.hibernate.orm.connections.pooling: 483] Connection leak detected: there are 1 unclosed connections upon shutting down pool jdbc:postgresql://localhost:5432/postgres
[2025-02-16 17:23:07,136] ERROR [org.hibernate.orm.connections.pooling: 311] Connection leak detected: there are 1 unclosed connections
[2025-02-16 17:24:04,199] INFO [Hibernate.HibernateRunner: 31] User entity is in transient state, object: User(id=null, username=xui.ru, personalInfo=PersonalInfo(firstname=Alex, lastname=Fila, birthDate=Birthday[birthday=2000-10-11]), role=ADMIN) 
[2025-02-16 17:24:04,275] INFO [org.hibernate.Version: 44] HHH000412: Hibernate ORM core version 6.6.7.Final
[2025-02-16 17:24:04,532] INFO [org.hibernate.cache.internal.RegionFactoryInitiator: 50] HHH000026: Second-level cache disabled
[2025-02-16 17:24:04,655] WARN [org.hibernate.orm.connections.pooling: 86] HHH10001002: Using built-in connection pool (not intended for production use)
[2025-02-16 17:24:04,847] WARN [org.hibernate.orm.deprecation: 153] HHH90000025: PostgreSQLDialect does not need to be specified explicitly using 'hibernate.dialect' (remove the property setting and it will be selected by default)
[2025-02-16 17:24:04,861] INFO [org.hibernate.orm.connections.pooling: 157] HHH10001005: Database info:
	Database JDBC URL [jdbc:postgresql://localhost:5432/postgres]
	Database driver: org.postgresql.Driver
	Database version: 17.2
	Autocommit mode: false
	Isolation level: undefined/unknown
	Minimum pool size: 1
	Maximum pool size: 20
[2025-02-16 17:24:05,778] INFO [org.hibernate.engine.transaction.jta.platform.internal.JtaPlatformInitiator: 59] HHH000489: No JTA platform available (set 'hibernate.transaction.jta.platform' to enable JTA platform integration)
[2025-02-16 17:24:19,320] INFO [Hibernate.HibernateRunner: 31] User entity is in transient state, object: User(id=null, username=xui2.ru, personalInfo=PersonalInfo(firstname=Alex, lastname=Fila, birthDate=Birthday[birthday=2000-10-11]), role=ADMIN) 
[2025-02-16 17:24:19,410] INFO [org.hibernate.Version: 44] HHH000412: Hibernate ORM core version 6.6.7.Final
[2025-02-16 17:24:19,703] INFO [org.hibernate.cache.internal.RegionFactoryInitiator: 50] HHH000026: Second-level cache disabled
[2025-02-16 17:24:19,839] WARN [org.hibernate.orm.connections.pooling: 86] HHH10001002: Using built-in connection pool (not intended for production use)
[2025-02-16 17:24:20,047] WARN [org.hibernate.orm.deprecation: 153] HHH90000025: PostgreSQLDialect does not need to be specified explicitly using 'hibernate.dialect' (remove the property setting and it will be selected by default)
[2025-02-16 17:24:20,063] INFO [org.hibernate.orm.connections.pooling: 157] HHH10001005: Database info:
	Database JDBC URL [jdbc:postgresql://localhost:5432/postgres]
	Database driver: org.postgresql.Driver
	Database version: 17.2
	Autocommit mode: false
	Isolation level: undefined/unknown
	Minimum pool size: 1
	Maximum pool size: 20
[2025-02-16 17:24:21,044] INFO [org.hibernate.engine.transaction.jta.platform.internal.JtaPlatformInitiator: 59] HHH000489: No JTA platform available (set 'hibernate.transaction.jta.platform' to enable JTA platform integration)
[2025-02-16 17:28:50,449] INFO [Hibernate.HibernateRunner: 31] User entity is in transient state, object: User(id=null, username=xui2.ru, personalInfo=PersonalInfo(firstname=Alex, lastname=Fila, birthDate=Birthday[birthday=2000-10-11]), role=ADMIN) 
[2025-02-16 17:28:50,528] INFO [org.hibernate.Version: 44] HHH000412: Hibernate ORM core version 6.6.7.Final
[2025-02-16 17:28:50,767] INFO [org.hibernate.cache.internal.RegionFactoryInitiator: 50] HHH000026: Second-level cache disabled
[2025-02-16 17:28:50,886] WARN [org.hibernate.orm.connections.pooling: 86] HHH10001002: Using built-in connection pool (not intended for production use)
[2025-02-16 17:28:51,085] WARN [org.hibernate.orm.deprecation: 153] HHH90000025: PostgreSQLDialect does not need to be specified explicitly using 'hibernate.dialect' (remove the property setting and it will be selected by default)
[2025-02-16 17:28:51,097] INFO [org.hibernate.orm.connections.pooling: 157] HHH10001005: Database info:
	Database JDBC URL [jdbc:postgresql://localhost:5432/postgres]
	Database driver: org.postgresql.Driver
	Database version: 17.2
	Autocommit mode: false
	Isolation level: undefined/unknown
	Minimum pool size: 1
	Maximum pool size: 20
[2025-02-16 17:28:52,086] INFO [org.hibernate.engine.transaction.jta.platform.internal.JtaPlatformInitiator: 59] HHH000489: No JTA platform available (set 'hibernate.transaction.jta.platform' to enable JTA platform integration)
[2025-02-16 17:28:52,133] WARN [org.hibernate.engine.jdbc.spi.SqlExceptionHelper: 145] SQL Error: 0, SQLState: 42P01
[2025-02-16 17:28:52,133] ERROR [org.hibernate.engine.jdbc.spi.SqlExceptionHelper: 150] ERROR: relation "users_seq" does not exist
  Позиция: 16
[2025-02-16 17:28:52,139] ERROR [org.hibernate.orm.connections.pooling: 483] Connection leak detected: there are 1 unclosed connections upon shutting down pool jdbc:postgresql://localhost:5432/postgres
[2025-02-16 17:28:52,140] ERROR [org.hibernate.orm.connections.pooling: 311] Connection leak detected: there are 1 unclosed connections
[2025-02-16 17:29:14,471] INFO [Hibernate.HibernateRunner: 31] User entity is in transient state, object: User(id=null, username=xu3i2.ru, personalInfo=PersonalInfo(firstname=Alex, lastname=Fila, birthDate=Birthday[birthday=2000-10-11]), role=ADMIN) 
[2025-02-16 17:29:14,561] INFO [org.hibernate.Version: 44] HHH000412: Hibernate ORM core version 6.6.7.Final
[2025-02-16 17:29:14,827] INFO [org.hibernate.cache.internal.RegionFactoryInitiator: 50] HHH000026: Second-level cache disabled
[2025-02-16 17:29:14,952] WARN [org.hibernate.orm.connections.pooling: 86] HHH10001002: Using built-in connection pool (not intended for production use)
[2025-02-16 17:29:15,147] WARN [org.hibernate.orm.deprecation: 153] HHH90000025: PostgreSQLDialect does not need to be specified explicitly using 'hibernate.dialect' (remove the property setting and it will be selected by default)
[2025-02-16 17:29:15,160] INFO [org.hibernate.orm.connections.pooling: 157] HHH10001005: Database info:
	Database JDBC URL [jdbc:postgresql://localhost:5432/postgres]
	Database driver: org.postgresql.Driver
	Database version: 17.2
	Autocommit mode: false
	Isolation level: undefined/unknown
	Minimum pool size: 1
	Maximum pool size: 20
[2025-02-16 17:29:16,086] INFO [org.hibernate.engine.transaction.jta.platform.internal.JtaPlatformInitiator: 59] HHH000489: No JTA platform available (set 'hibernate.transaction.jta.platform' to enable JTA platform integration)
[2025-02-17 18:45:57,659] INFO [org.hibernate.Version: 44] HHH000412: Hibernate ORM core version 6.6.7.Final
[2025-02-17 18:45:57,970] INFO [org.hibernate.cache.internal.RegionFactoryInitiator: 50] HHH000026: Second-level cache disabled
[2025-02-17 18:45:58,065] WARN [org.hibernate.orm.connections.pooling: 86] HHH10001002: Using built-in connection pool (not intended for production use)
[2025-02-17 18:45:58,299] WARN [org.hibernate.orm.deprecation: 153] HHH90000025: PostgreSQLDialect does not need to be specified explicitly using 'hibernate.dialect' (remove the property setting and it will be selected by default)
[2025-02-17 18:45:58,316] INFO [org.hibernate.orm.connections.pooling: 157] HHH10001005: Database info:
	Database JDBC URL [jdbc:postgresql://localhost:5432/postgres]
	Database driver: org.postgresql.Driver
	Database version: 17.2
	Autocommit mode: false
	Isolation level: undefined/unknown
	Minimum pool size: 1
	Maximum pool size: 20
[2025-02-17 18:46:37,287] INFO [org.hibernate.Version: 44] HHH000412: Hibernate ORM core version 6.6.7.Final
[2025-02-17 18:46:37,542] INFO [org.hibernate.cache.internal.RegionFactoryInitiator: 50] HHH000026: Second-level cache disabled
[2025-02-17 18:46:37,663] WARN [org.hibernate.orm.connections.pooling: 86] HHH10001002: Using built-in connection pool (not intended for production use)
[2025-02-17 18:46:37,869] WARN [org.hibernate.orm.deprecation: 153] HHH90000025: PostgreSQLDialect does not need to be specified explicitly using 'hibernate.dialect' (remove the property setting and it will be selected by default)
[2025-02-17 18:46:37,887] INFO [org.hibernate.orm.connections.pooling: 157] HHH10001005: Database info:
	Database JDBC URL [jdbc:postgresql://localhost:5432/postgres]
	Database driver: org.postgresql.Driver
	Database version: 17.2
	Autocommit mode: false
	Isolation level: undefined/unknown
	Minimum pool size: 1
	Maximum pool size: 20
[2025-02-17 18:47:21,325] INFO [org.hibernate.Version: 44] HHH000412: Hibernate ORM core version 6.6.7.Final
[2025-02-17 18:47:21,576] INFO [org.hibernate.cache.internal.RegionFactoryInitiator: 50] HHH000026: Second-level cache disabled
[2025-02-17 18:47:21,696] WARN [org.hibernate.orm.connections.pooling: 86] HHH10001002: Using built-in connection pool (not intended for production use)
[2025-02-17 18:47:21,896] WARN [org.hibernate.orm.deprecation: 153] HHH90000025: PostgreSQLDialect does not need to be specified explicitly using 'hibernate.dialect' (remove the property setting and it will be selected by default)
[2025-02-17 18:47:21,914] INFO [org.hibernate.orm.connections.pooling: 157] HHH10001005: Database info:
	Database JDBC URL [jdbc:postgresql://localhost:5432/postgres]
	Database driver: org.postgresql.Driver
	Database version: 17.2
	Autocommit mode: false
	Isolation level: undefined/unknown
	Minimum pool size: 1
	Maximum pool size: 20
[2025-02-17 18:48:21,853] INFO [org.hibernate.Version: 44] HHH000412: Hibernate ORM core version 6.6.7.Final
[2025-02-17 18:48:22,103] INFO [org.hibernate.cache.internal.RegionFactoryInitiator: 50] HHH000026: Second-level cache disabled
[2025-02-17 18:48:22,225] WARN [org.hibernate.orm.connections.pooling: 86] HHH10001002: Using built-in connection pool (not intended for production use)
[2025-02-17 18:48:22,458] WARN [org.hibernate.orm.deprecation: 153] HHH90000025: PostgreSQLDialect does not need to be specified explicitly using 'hibernate.dialect' (remove the property setting and it will be selected by default)
[2025-02-17 18:48:22,481] INFO [org.hibernate.orm.connections.pooling: 157] HHH10001005: Database info:
	Database JDBC URL [jdbc:postgresql://localhost:5432/postgres]
	Database driver: org.postgresql.Driver
	Database version: 17.2
	Autocommit mode: false
	Isolation level: undefined/unknown
	Minimum pool size: 1
	Maximum pool size: 20
[2025-02-17 18:50:59,355] INFO [org.hibernate.Version: 44] HHH000412: Hibernate ORM core version 6.6.7.Final
[2025-02-17 18:50:59,629] INFO [org.hibernate.cache.internal.RegionFactoryInitiator: 50] HHH000026: Second-level cache disabled
[2025-02-17 18:50:59,746] WARN [org.hibernate.orm.connections.pooling: 86] HHH10001002: Using built-in connection pool (not intended for production use)
[2025-02-17 18:50:59,943] WARN [org.hibernate.orm.deprecation: 153] HHH90000025: PostgreSQLDialect does not need to be specified explicitly using 'hibernate.dialect' (remove the property setting and it will be selected by default)
[2025-02-17 18:50:59,959] INFO [org.hibernate.orm.connections.pooling: 157] HHH10001005: Database info:
	Database JDBC URL [jdbc:postgresql://localhost:5432/postgres]
	Database driver: org.postgresql.Driver
	Database version: 17.2
	Autocommit mode: false
	Isolation level: undefined/unknown
	Minimum pool size: 1
	Maximum pool size: 20
[2025-02-17 18:51:01,098] INFO [org.hibernate.engine.transaction.jta.platform.internal.JtaPlatformInitiator: 59] HHH000489: No JTA platform available (set 'hibernate.transaction.jta.platform' to enable JTA platform integration)
[2025-02-17 18:51:01,143] ERROR [org.hibernate.orm.connections.pooling: 483] Connection leak detected: there are 1 unclosed connections upon shutting down pool jdbc:postgresql://localhost:5432/postgres
[2025-02-17 18:51:01,144] ERROR [org.hibernate.orm.connections.pooling: 311] Connection leak detected: there are 1 unclosed connections
[2025-02-17 18:55:21,383] INFO [org.hibernate.Version: 44] HHH000412: Hibernate ORM core version 6.6.7.Final
[2025-02-17 18:55:21,626] INFO [org.hibernate.cache.internal.RegionFactoryInitiator: 50] HHH000026: Second-level cache disabled
[2025-02-17 18:55:21,746] WARN [org.hibernate.orm.connections.pooling: 86] HHH10001002: Using built-in connection pool (not intended for production use)
[2025-02-17 18:55:21,946] WARN [org.hibernate.orm.deprecation: 153] HHH90000025: PostgreSQLDialect does not need to be specified explicitly using 'hibernate.dialect' (remove the property setting and it will be selected by default)
[2025-02-17 18:55:21,961] INFO [org.hibernate.orm.connections.pooling: 157] HHH10001005: Database info:
	Database JDBC URL [jdbc:postgresql://localhost:5432/postgres]
	Database driver: org.postgresql.Driver
	Database version: 17.2
	Autocommit mode: false
	Isolation level: undefined/unknown
	Minimum pool size: 1
	Maximum pool size: 20
[2025-02-17 18:57:07,391] INFO [org.hibernate.Version: 44] HHH000412: Hibernate ORM core version 6.6.7.Final
[2025-02-17 18:57:07,661] INFO [org.hibernate.cache.internal.RegionFactoryInitiator: 50] HHH000026: Second-level cache disabled
[2025-02-17 18:57:07,780] WARN [org.hibernate.orm.connections.pooling: 86] HHH10001002: Using built-in connection pool (not intended for production use)
[2025-02-17 18:57:07,978] WARN [org.hibernate.orm.deprecation: 153] HHH90000025: PostgreSQLDialect does not need to be specified explicitly using 'hibernate.dialect' (remove the property setting and it will be selected by default)
[2025-02-17 18:57:07,995] INFO [org.hibernate.orm.connections.pooling: 157] HHH10001005: Database info:
	Database JDBC URL [jdbc:postgresql://localhost:5432/postgres]
	Database driver: org.postgresql.Driver
	Database version: 17.2
	Autocommit mode: false
	Isolation level: undefined/unknown
	Minimum pool size: 1
	Maximum pool size: 20
[2025-02-17 18:57:08,962] INFO [org.hibernate.engine.transaction.jta.platform.internal.JtaPlatformInitiator: 59] HHH000489: No JTA platform available (set 'hibernate.transaction.jta.platform' to enable JTA platform integration)
[2025-02-17 18:57:09,031] WARN [org.hibernate.engine.jdbc.spi.SqlExceptionHelper: 145] SQL Error: 0, SQLState: 42703
[2025-02-17 18:57:09,031] ERROR [org.hibernate.engine.jdbc.spi.SqlExceptionHelper: 150] ERROR: column "firstname" of relation "users" does not exist
  Позиция: 114
[2025-02-17 18:57:09,038] ERROR [org.hibernate.orm.connections.pooling: 483] Connection leak detected: there are 1 unclosed connections upon shutting down pool jdbc:postgresql://localhost:5432/postgres
[2025-02-17 18:57:09,039] ERROR [org.hibernate.orm.connections.pooling: 311] Connection leak detected: there are 1 unclosed connections
[2025-02-17 18:58:27,028] INFO [org.hibernate.Version: 44] HHH000412: Hibernate ORM core version 6.6.7.Final
[2025-02-17 18:58:27,276] INFO [org.hibernate.cache.internal.RegionFactoryInitiator: 50] HHH000026: Second-level cache disabled
[2025-02-17 18:58:27,398] WARN [org.hibernate.orm.connections.pooling: 86] HHH10001002: Using built-in connection pool (not intended for production use)
[2025-02-17 18:58:27,614] WARN [org.hibernate.orm.deprecation: 153] HHH90000025: PostgreSQLDialect does not need to be specified explicitly using 'hibernate.dialect' (remove the property setting and it will be selected by default)
[2025-02-17 18:58:27,631] INFO [org.hibernate.orm.connections.pooling: 157] HHH10001005: Database info:
	Database JDBC URL [jdbc:postgresql://localhost:5432/postgres]
	Database driver: org.postgresql.Driver
	Database version: 17.2
	Autocommit mode: false
	Isolation level: undefined/unknown
	Minimum pool size: 1
	Maximum pool size: 20
[2025-02-17 18:58:28,596] INFO [org.hibernate.engine.transaction.jta.platform.internal.JtaPlatformInitiator: 59] HHH000489: No JTA platform available (set 'hibernate.transaction.jta.platform' to enable JTA platform integration)
[2025-02-17 18:58:28,656] WARN [org.hibernate.engine.jdbc.spi.SqlExceptionHelper: 145] SQL Error: 0, SQLState: 42703
[2025-02-17 18:58:28,657] ERROR [org.hibernate.engine.jdbc.spi.SqlExceptionHelper: 150] ERROR: column "lastname" of relation "users" does not exist
  Позиция: 125
[2025-02-17 18:58:28,662] ERROR [org.hibernate.orm.connections.pooling: 483] Connection leak detected: there are 1 unclosed connections upon shutting down pool jdbc:postgresql://localhost:5432/postgres
[2025-02-17 18:58:28,664] ERROR [org.hibernate.orm.connections.pooling: 311] Connection leak detected: there are 1 unclosed connections
[2025-02-17 18:58:58,818] INFO [org.hibernate.Version: 44] HHH000412: Hibernate ORM core version 6.6.7.Final
[2025-02-17 18:58:59,091] INFO [org.hibernate.cache.internal.RegionFactoryInitiator: 50] HHH000026: Second-level cache disabled
[2025-02-17 18:58:59,221] WARN [org.hibernate.orm.connections.pooling: 86] HHH10001002: Using built-in connection pool (not intended for production use)
[2025-02-17 18:58:59,463] WARN [org.hibernate.orm.deprecation: 153] HHH90000025: PostgreSQLDialect does not need to be specified explicitly using 'hibernate.dialect' (remove the property setting and it will be selected by default)
[2025-02-17 18:58:59,483] INFO [org.hibernate.orm.connections.pooling: 157] HHH10001005: Database info:
	Database JDBC URL [jdbc:postgresql://localhost:5432/postgres]
	Database driver: org.postgresql.Driver
	Database version: 17.2
	Autocommit mode: false
	Isolation level: undefined/unknown
	Minimum pool size: 1
	Maximum pool size: 20
[2025-02-17 18:59:00,465] INFO [org.hibernate.engine.transaction.jta.platform.internal.JtaPlatformInitiator: 59] HHH000489: No JTA platform available (set 'hibernate.transaction.jta.platform' to enable JTA platform integration)
[2025-02-17 18:59:00,531] WARN [org.hibernate.engine.jdbc.spi.SqlExceptionHelper: 145] SQL Error: 0, SQLState: 42804
[2025-02-17 18:59:00,531] ERROR [org.hibernate.engine.jdbc.spi.SqlExceptionHelper: 150] ERROR: column "activity_type" is of type activity_type but expression is of type character varying
  Подсказка: You will need to rewrite or cast the expression.
  Позиция: 168
[2025-02-17 18:59:00,537] ERROR [org.hibernate.orm.connections.pooling: 483] Connection leak detected: there are 1 unclosed connections upon shutting down pool jdbc:postgresql://localhost:5432/postgres
[2025-02-17 18:59:00,538] ERROR [org.hibernate.orm.connections.pooling: 311] Connection leak detected: there are 1 unclosed connections
[2025-02-17 19:01:25,256] INFO [org.hibernate.Version: 44] HHH000412: Hibernate ORM core version 6.6.7.Final
[2025-02-17 19:01:25,558] INFO [org.hibernate.cache.internal.RegionFactoryInitiator: 50] HHH000026: Second-level cache disabled
[2025-02-17 19:01:25,682] WARN [org.hibernate.orm.connections.pooling: 86] HHH10001002: Using built-in connection pool (not intended for production use)
[2025-02-17 19:01:25,886] WARN [org.hibernate.orm.deprecation: 153] HHH90000025: PostgreSQLDialect does not need to be specified explicitly using 'hibernate.dialect' (remove the property setting and it will be selected by default)
[2025-02-17 19:01:25,903] INFO [org.hibernate.orm.connections.pooling: 157] HHH10001005: Database info:
	Database JDBC URL [jdbc:postgresql://localhost:5432/postgres]
	Database driver: org.postgresql.Driver
	Database version: 17.2
	Autocommit mode: false
	Isolation level: undefined/unknown
	Minimum pool size: 1
	Maximum pool size: 20
[2025-02-17 19:01:26,991] INFO [org.hibernate.engine.transaction.jta.platform.internal.JtaPlatformInitiator: 59] HHH000489: No JTA platform available (set 'hibernate.transaction.jta.platform' to enable JTA platform integration)
[2025-02-17 19:01:27,066] WARN [org.hibernate.engine.jdbc.spi.SqlExceptionHelper: 145] SQL Error: 0, SQLState: 42804
[2025-02-17 19:01:27,066] ERROR [org.hibernate.engine.jdbc.spi.SqlExceptionHelper: 150] ERROR: column "activity_type" is of type activity_type but expression is of type character varying
  Подсказка: You will need to rewrite or cast the expression.
  Позиция: 168
[2025-02-17 19:01:27,073] ERROR [org.hibernate.orm.connections.pooling: 483] Connection leak detected: there are 1 unclosed connections upon shutting down pool jdbc:postgresql://localhost:5432/postgres
[2025-02-17 19:01:27,075] ERROR [org.hibernate.orm.connections.pooling: 311] Connection leak detected: there are 1 unclosed connections
[2025-02-17 19:09:01,665] INFO [org.hibernate.Version: 44] HHH000412: Hibernate ORM core version 6.6.7.Final
[2025-02-17 19:09:01,914] INFO [org.hibernate.cache.internal.RegionFactoryInitiator: 50] HHH000026: Second-level cache disabled
[2025-02-17 19:09:02,030] WARN [org.hibernate.orm.connections.pooling: 86] HHH10001002: Using built-in connection pool (not intended for production use)
[2025-02-17 19:09:02,220] WARN [org.hibernate.orm.deprecation: 153] HHH90000025: PostgreSQLDialect does not need to be specified explicitly using 'hibernate.dialect' (remove the property setting and it will be selected by default)
[2025-02-17 19:09:02,235] INFO [org.hibernate.orm.connections.pooling: 157] HHH10001005: Database info:
	Database JDBC URL [jdbc:postgresql://localhost:5432/postgres]
	Database driver: org.postgresql.Driver
	Database version: 17.2
	Autocommit mode: false
	Isolation level: undefined/unknown
	Minimum pool size: 1
	Maximum pool size: 20
[2025-02-17 19:09:03,244] INFO [org.hibernate.engine.transaction.jta.platform.internal.JtaPlatformInitiator: 59] HHH000489: No JTA platform available (set 'hibernate.transaction.jta.platform' to enable JTA platform integration)
[2025-02-17 19:09:03,325] WARN [org.hibernate.engine.jdbc.spi.SqlExceptionHelper: 145] SQL Error: 0, SQLState: 42804
[2025-02-17 19:09:03,326] ERROR [org.hibernate.engine.jdbc.spi.SqlExceptionHelper: 150] ERROR: column "activity_type" is of type activity_type but expression is of type character varying
  Подсказка: You will need to rewrite or cast the expression.
  Позиция: 168
[2025-02-17 19:09:03,333] ERROR [org.hibernate.orm.connections.pooling: 483] Connection leak detected: there are 1 unclosed connections upon shutting down pool jdbc:postgresql://localhost:5432/postgres
[2025-02-17 19:09:03,335] ERROR [org.hibernate.orm.connections.pooling: 311] Connection leak detected: there are 1 unclosed connections
[2025-02-17 19:11:00,192] INFO [org.hibernate.Version: 44] HHH000412: Hibernate ORM core version 6.6.7.Final
[2025-02-17 19:11:00,434] INFO [org.hibernate.cache.internal.RegionFactoryInitiator: 50] HHH000026: Second-level cache disabled
[2025-02-17 19:11:00,547] WARN [org.hibernate.orm.connections.pooling: 86] HHH10001002: Using built-in connection pool (not intended for production use)
[2025-02-17 19:11:00,749] WARN [org.hibernate.orm.deprecation: 153] HHH90000025: PostgreSQLDialect does not need to be specified explicitly using 'hibernate.dialect' (remove the property setting and it will be selected by default)
[2025-02-17 19:11:00,766] INFO [org.hibernate.orm.connections.pooling: 157] HHH10001005: Database info:
	Database JDBC URL [jdbc:postgresql://localhost:5432/postgres]
	Database driver: org.postgresql.Driver
	Database version: 17.2
	Autocommit mode: false
	Isolation level: undefined/unknown
	Minimum pool size: 1
	Maximum pool size: 20
[2025-02-17 19:11:01,897] INFO [org.hibernate.engine.transaction.jta.platform.internal.JtaPlatformInitiator: 59] HHH000489: No JTA platform available (set 'hibernate.transaction.jta.platform' to enable JTA platform integration)
[2025-02-17 19:11:01,956] WARN [org.hibernate.engine.jdbc.spi.SqlExceptionHelper: 145] SQL Error: 0, SQLState: 42804
[2025-02-17 19:11:01,956] ERROR [org.hibernate.engine.jdbc.spi.SqlExceptionHelper: 150] ERROR: column "activity_type" is of type activity_type but expression is of type character varying
  Подсказка: You will need to rewrite or cast the expression.
  Позиция: 168
[2025-02-17 19:11:01,962] ERROR [org.hibernate.orm.connections.pooling: 483] Connection leak detected: there are 1 unclosed connections upon shutting down pool jdbc:postgresql://localhost:5432/postgres
[2025-02-17 19:11:01,963] ERROR [org.hibernate.orm.connections.pooling: 311] Connection leak detected: there are 1 unclosed connections
[2025-02-17 19:16:00,518] INFO [org.hibernate.Version: 44] HHH000412: Hibernate ORM core version 6.6.7.Final
[2025-02-17 19:16:00,805] INFO [org.hibernate.cache.internal.RegionFactoryInitiator: 50] HHH000026: Second-level cache disabled
[2025-02-17 19:16:00,920] WARN [org.hibernate.orm.connections.pooling: 86] HHH10001002: Using built-in connection pool (not intended for production use)
[2025-02-17 19:16:01,149] WARN [org.hibernate.orm.deprecation: 153] HHH90000025: PostgreSQLDialect does not need to be specified explicitly using 'hibernate.dialect' (remove the property setting and it will be selected by default)
[2025-02-17 19:16:01,171] INFO [org.hibernate.orm.connections.pooling: 157] HHH10001005: Database info:
	Database JDBC URL [jdbc:postgresql://localhost:5432/postgres]
	Database driver: org.postgresql.Driver
	Database version: 17.2
	Autocommit mode: false
	Isolation level: undefined/unknown
	Minimum pool size: 1
	Maximum pool size: 20
[2025-02-17 19:16:02,157] INFO [org.hibernate.engine.transaction.jta.platform.internal.JtaPlatformInitiator: 59] HHH000489: No JTA platform available (set 'hibernate.transaction.jta.platform' to enable JTA platform integration)
[2025-02-17 19:16:02,238] WARN [org.hibernate.engine.jdbc.spi.SqlExceptionHelper: 145] SQL Error: 0, SQLState: 42804
[2025-02-17 19:16:02,239] ERROR [org.hibernate.engine.jdbc.spi.SqlExceptionHelper: 150] ERROR: column "activity_type" is of type activity_type but expression is of type smallint
  Подсказка: You will need to rewrite or cast the expression.
  Позиция: 168
[2025-02-17 19:16:02,247] ERROR [org.hibernate.orm.connections.pooling: 483] Connection leak detected: there are 1 unclosed connections upon shutting down pool jdbc:postgresql://localhost:5432/postgres
[2025-02-17 19:16:02,249] ERROR [org.hibernate.orm.connections.pooling: 311] Connection leak detected: there are 1 unclosed connections
[2025-02-17 19:20:07,063] INFO [org.hibernate.Version: 44] HHH000412: Hibernate ORM core version 6.6.7.Final
[2025-02-17 19:20:07,342] INFO [org.hibernate.cache.internal.RegionFactoryInitiator: 50] HHH000026: Second-level cache disabled
[2025-02-17 19:20:07,470] WARN [org.hibernate.orm.connections.pooling: 86] HHH10001002: Using built-in connection pool (not intended for production use)
[2025-02-17 19:20:07,681] WARN [org.hibernate.orm.deprecation: 153] HHH90000025: PostgreSQLDialect does not need to be specified explicitly using 'hibernate.dialect' (remove the property setting and it will be selected by default)
[2025-02-17 19:20:07,697] INFO [org.hibernate.orm.connections.pooling: 157] HHH10001005: Database info:
	Database JDBC URL [jdbc:postgresql://localhost:5432/postgres]
	Database driver: org.postgresql.Driver
	Database version: 17.2
	Autocommit mode: false
	Isolation level: undefined/unknown
	Minimum pool size: 1
	Maximum pool size: 20
[2025-02-17 19:20:08,703] INFO [org.hibernate.engine.transaction.jta.platform.internal.JtaPlatformInitiator: 59] HHH000489: No JTA platform available (set 'hibernate.transaction.jta.platform' to enable JTA platform integration)
[2025-02-17 19:39:21,380] INFO [org.hibernate.Version: 44] HHH000412: Hibernate ORM core version 6.6.7.Final
[2025-02-17 19:39:21,620] INFO [org.hibernate.cache.internal.RegionFactoryInitiator: 50] HHH000026: Second-level cache disabled
[2025-02-17 19:39:21,736] WARN [org.hibernate.orm.connections.pooling: 86] HHH10001002: Using built-in connection pool (not intended for production use)
[2025-02-17 19:39:21,937] WARN [org.hibernate.orm.deprecation: 153] HHH90000025: PostgreSQLDialect does not need to be specified explicitly using 'hibernate.dialect' (remove the property setting and it will be selected by default)
[2025-02-17 19:39:21,959] INFO [org.hibernate.orm.connections.pooling: 157] HHH10001005: Database info:
	Database JDBC URL [jdbc:postgresql://localhost:5432/postgres]
	Database driver: org.postgresql.Driver
	Database version: 17.2
	Autocommit mode: false
	Isolation level: undefined/unknown
	Minimum pool size: 1
	Maximum pool size: 20
[2025-02-17 19:39:22,953] INFO [org.hibernate.engine.transaction.jta.platform.internal.JtaPlatformInitiator: 59] HHH000489: No JTA platform available (set 'hibernate.transaction.jta.platform' to enable JTA platform integration)
[2025-02-17 19:39:22,989] ERROR [org.hibernate.orm.connections.pooling: 483] Connection leak detected: there are 1 unclosed connections upon shutting down pool jdbc:postgresql://localhost:5432/postgres
[2025-02-17 19:39:22,990] ERROR [org.hibernate.orm.connections.pooling: 311] Connection leak detected: there are 1 unclosed connections
[2025-02-17 19:41:08,277] INFO [org.hibernate.Version: 44] HHH000412: Hibernate ORM core version 6.6.7.Final
[2025-02-17 19:41:08,536] INFO [org.hibernate.cache.internal.RegionFactoryInitiator: 50] HHH000026: Second-level cache disabled
[2025-02-17 19:41:08,652] WARN [org.hibernate.orm.connections.pooling: 86] HHH10001002: Using built-in connection pool (not intended for production use)
[2025-02-17 19:41:08,856] WARN [org.hibernate.orm.deprecation: 153] HHH90000025: PostgreSQLDialect does not need to be specified explicitly using 'hibernate.dialect' (remove the property setting and it will be selected by default)
[2025-02-17 19:41:08,873] INFO [org.hibernate.orm.connections.pooling: 157] HHH10001005: Database info:
	Database JDBC URL [jdbc:postgresql://localhost:5432/postgres]
	Database driver: org.postgresql.Driver
	Database version: 17.2
	Autocommit mode: false
	Isolation level: undefined/unknown
	Minimum pool size: 1
	Maximum pool size: 20
[2025-02-17 19:41:09,892] INFO [org.hibernate.engine.transaction.jta.platform.internal.JtaPlatformInitiator: 59] HHH000489: No JTA platform available (set 'hibernate.transaction.jta.platform' to enable JTA platform integration)
[2025-02-17 19:49:18,086] INFO [org.hibernate.Version: 44] HHH000412: Hibernate ORM core version 6.6.7.Final
[2025-02-17 19:49:18,348] INFO [org.hibernate.cache.internal.RegionFactoryInitiator: 50] HHH000026: Second-level cache disabled
[2025-02-17 19:49:18,477] WARN [org.hibernate.orm.connections.pooling: 86] HHH10001002: Using built-in connection pool (not intended for production use)
[2025-02-17 19:49:18,696] WARN [org.hibernate.orm.deprecation: 153] HHH90000025: PostgreSQLDialect does not need to be specified explicitly using 'hibernate.dialect' (remove the property setting and it will be selected by default)
[2025-02-17 19:49:18,714] INFO [org.hibernate.orm.connections.pooling: 157] HHH10001005: Database info:
	Database JDBC URL [jdbc:postgresql://localhost:5432/postgres]
	Database driver: org.postgresql.Driver
	Database version: 17.2
	Autocommit mode: false
	Isolation level: undefined/unknown
	Minimum pool size: 1
	Maximum pool size: 20
[2025-02-17 19:49:19,740] INFO [org.hibernate.engine.transaction.jta.platform.internal.JtaPlatformInitiator: 59] HHH000489: No JTA platform available (set 'hibernate.transaction.jta.platform' to enable JTA platform integration)
[2025-02-17 19:49:19,781] ERROR [org.hibernate.orm.connections.pooling: 483] Connection leak detected: there are 1 unclosed connections upon shutting down pool jdbc:postgresql://localhost:5432/postgres
[2025-02-17 19:49:19,782] ERROR [org.hibernate.orm.connections.pooling: 311] Connection leak detected: there are 1 unclosed connections
[2025-02-17 19:49:43,269] INFO [org.hibernate.Version: 44] HHH000412: Hibernate ORM core version 6.6.7.Final
[2025-02-17 19:49:43,524] INFO [org.hibernate.cache.internal.RegionFactoryInitiator: 50] HHH000026: Second-level cache disabled
[2025-02-17 19:49:43,647] WARN [org.hibernate.orm.connections.pooling: 86] HHH10001002: Using built-in connection pool (not intended for production use)
[2025-02-17 19:49:43,859] WARN [org.hibernate.orm.deprecation: 153] HHH90000025: PostgreSQLDialect does not need to be specified explicitly using 'hibernate.dialect' (remove the property setting and it will be selected by default)
[2025-02-17 19:49:43,876] INFO [org.hibernate.orm.connections.pooling: 157] HHH10001005: Database info:
	Database JDBC URL [jdbc:postgresql://localhost:5432/postgres]
	Database driver: org.postgresql.Driver
	Database version: 17.2
	Autocommit mode: false
	Isolation level: undefined/unknown
	Minimum pool size: 1
	Maximum pool size: 20
[2025-02-17 19:49:44,917] INFO [org.hibernate.engine.transaction.jta.platform.internal.JtaPlatformInitiator: 59] HHH000489: No JTA platform available (set 'hibernate.transaction.jta.platform' to enable JTA platform integration)
[2025-02-17 19:49:44,984] WARN [org.hibernate.engine.jdbc.spi.SqlExceptionHelper: 145] SQL Error: 0, SQLState: 42P01
[2025-02-17 19:49:44,985] ERROR [org.hibernate.engine.jdbc.spi.SqlExceptionHelper: 150] ERROR: relation "address_entity" does not exist
  Позиция: 13
[2025-02-17 19:49:44,991] ERROR [org.hibernate.orm.connections.pooling: 483] Connection leak detected: there are 1 unclosed connections upon shutting down pool jdbc:postgresql://localhost:5432/postgres
[2025-02-17 19:49:44,992] ERROR [org.hibernate.orm.connections.pooling: 311] Connection leak detected: there are 1 unclosed connections
[2025-02-17 19:50:52,305] INFO [org.hibernate.Version: 44] HHH000412: Hibernate ORM core version 6.6.7.Final
[2025-02-17 19:50:52,601] INFO [org.hibernate.cache.internal.RegionFactoryInitiator: 50] HHH000026: Second-level cache disabled
[2025-02-17 19:50:52,742] WARN [org.hibernate.orm.connections.pooling: 86] HHH10001002: Using built-in connection pool (not intended for production use)
[2025-02-17 19:50:52,960] WARN [org.hibernate.orm.deprecation: 153] HHH90000025: PostgreSQLDialect does not need to be specified explicitly using 'hibernate.dialect' (remove the property setting and it will be selected by default)
[2025-02-17 19:50:52,979] INFO [org.hibernate.orm.connections.pooling: 157] HHH10001005: Database info:
	Database JDBC URL [jdbc:postgresql://localhost:5432/postgres]
	Database driver: org.postgresql.Driver
	Database version: 17.2
	Autocommit mode: false
	Isolation level: undefined/unknown
	Minimum pool size: 1
	Maximum pool size: 20
[2025-02-17 19:50:54,015] INFO [org.hibernate.engine.transaction.jta.platform.internal.JtaPlatformInitiator: 59] HHH000489: No JTA platform available (set 'hibernate.transaction.jta.platform' to enable JTA platform integration)
[2025-02-17 20:08:13,583] INFO [org.hibernate.Version: 44] HHH000412: Hibernate ORM core version 6.6.7.Final
[2025-02-17 20:08:13,841] INFO [org.hibernate.cache.internal.RegionFactoryInitiator: 50] HHH000026: Second-level cache disabled
[2025-02-17 20:08:13,968] WARN [org.hibernate.orm.connections.pooling: 86] HHH10001002: Using built-in connection pool (not intended for production use)
[2025-02-17 20:08:14,177] WARN [org.hibernate.orm.deprecation: 153] HHH90000025: PostgreSQLDialect does not need to be specified explicitly using 'hibernate.dialect' (remove the property setting and it will be selected by default)
[2025-02-17 20:08:14,196] INFO [org.hibernate.orm.connections.pooling: 157] HHH10001005: Database info:
	Database JDBC URL [jdbc:postgresql://localhost:5432/postgres]
	Database driver: org.postgresql.Driver
	Database version: 17.2
	Autocommit mode: false
	Isolation level: undefined/unknown
	Minimum pool size: 1
	Maximum pool size: 20
[2025-02-17 20:08:15,369] INFO [org.hibernate.engine.transaction.jta.platform.internal.JtaPlatformInitiator: 59] HHH000489: No JTA platform available (set 'hibernate.transaction.jta.platform' to enable JTA platform integration)
[2025-02-17 20:15:58,637] INFO [org.hibernate.Version: 44] HHH000412: Hibernate ORM core version 6.6.7.Final
[2025-02-17 20:15:58,972] INFO [org.hibernate.cache.internal.RegionFactoryInitiator: 50] HHH000026: Second-level cache disabled
[2025-02-17 20:15:59,090] WARN [org.hibernate.orm.connections.pooling: 86] HHH10001002: Using built-in connection pool (not intended for production use)
[2025-02-17 20:15:59,294] WARN [org.hibernate.orm.deprecation: 153] HHH90000025: PostgreSQLDialect does not need to be specified explicitly using 'hibernate.dialect' (remove the property setting and it will be selected by default)
[2025-02-17 20:15:59,311] INFO [org.hibernate.orm.connections.pooling: 157] HHH10001005: Database info:
	Database JDBC URL [jdbc:postgresql://localhost:5432/postgres]
	Database driver: org.postgresql.Driver
	Database version: 17.2
	Autocommit mode: false
	Isolation level: undefined/unknown
	Minimum pool size: 1
	Maximum pool size: 20
[2025-02-17 20:16:00,385] INFO [org.hibernate.engine.transaction.jta.platform.internal.JtaPlatformInitiator: 59] HHH000489: No JTA platform available (set 'hibernate.transaction.jta.platform' to enable JTA platform integration)
[2025-02-17 20:16:00,430] ERROR [org.hibernate.orm.connections.pooling: 483] Connection leak detected: there are 1 unclosed connections upon shutting down pool jdbc:postgresql://localhost:5432/postgres
[2025-02-17 20:16:00,432] ERROR [org.hibernate.orm.connections.pooling: 311] Connection leak detected: there are 1 unclosed connections
[2025-02-17 20:16:27,067] INFO [org.hibernate.Version: 44] HHH000412: Hibernate ORM core version 6.6.7.Final
[2025-02-17 20:16:27,392] INFO [org.hibernate.cache.internal.RegionFactoryInitiator: 50] HHH000026: Second-level cache disabled
[2025-02-17 20:16:27,524] WARN [org.hibernate.orm.connections.pooling: 86] HHH10001002: Using built-in connection pool (not intended for production use)
[2025-02-17 20:16:27,740] WARN [org.hibernate.orm.deprecation: 153] HHH90000025: PostgreSQLDialect does not need to be specified explicitly using 'hibernate.dialect' (remove the property setting and it will be selected by default)
[2025-02-17 20:16:27,758] INFO [org.hibernate.orm.connections.pooling: 157] HHH10001005: Database info:
	Database JDBC URL [jdbc:postgresql://localhost:5432/postgres]
	Database driver: org.postgresql.Driver
	Database version: 17.2
	Autocommit mode: false
	Isolation level: undefined/unknown
	Minimum pool size: 1
	Maximum pool size: 20
[2025-02-17 20:16:57,142] INFO [org.hibernate.Version: 44] HHH000412: Hibernate ORM core version 6.6.7.Final
[2025-02-17 20:16:57,408] INFO [org.hibernate.cache.internal.RegionFactoryInitiator: 50] HHH000026: Second-level cache disabled
[2025-02-17 20:16:57,536] WARN [org.hibernate.orm.connections.pooling: 86] HHH10001002: Using built-in connection pool (not intended for production use)
[2025-02-17 20:16:57,768] WARN [org.hibernate.orm.deprecation: 153] HHH90000025: PostgreSQLDialect does not need to be specified explicitly using 'hibernate.dialect' (remove the property setting and it will be selected by default)
[2025-02-17 20:16:57,787] INFO [org.hibernate.orm.connections.pooling: 157] HHH10001005: Database info:
	Database JDBC URL [jdbc:postgresql://localhost:5432/postgres]
	Database driver: org.postgresql.Driver
	Database version: 17.2
	Autocommit mode: false
	Isolation level: undefined/unknown
	Minimum pool size: 1
	Maximum pool size: 20
[2025-02-17 20:16:58,919] INFO [org.hibernate.engine.transaction.jta.platform.internal.JtaPlatformInitiator: 59] HHH000489: No JTA platform available (set 'hibernate.transaction.jta.platform' to enable JTA platform integration)
[2025-02-17 20:16:58,987] WARN [org.hibernate.engine.jdbc.spi.SqlExceptionHelper: 145] SQL Error: 0, SQLState: 23503
[2025-02-17 20:16:58,987] ERROR [org.hibernate.engine.jdbc.spi.SqlExceptionHelper: 150] ERROR: insert or update on table "product_review" violates foreign key constraint "product_review_id_user_fkey"
  Подробности: Key (id_user)=(2) is not present in table "users".
[2025-02-17 20:16:58,993] ERROR [org.hibernate.orm.connections.pooling: 483] Connection leak detected: there are 1 unclosed connections upon shutting down pool jdbc:postgresql://localhost:5432/postgres
[2025-02-17 20:16:58,994] ERROR [org.hibernate.orm.connections.pooling: 311] Connection leak detected: there are 1 unclosed connections
[2025-02-17 20:18:00,431] INFO [org.hibernate.Version: 44] HHH000412: Hibernate ORM core version 6.6.7.Final
[2025-02-17 20:18:00,696] INFO [org.hibernate.cache.internal.RegionFactoryInitiator: 50] HHH000026: Second-level cache disabled
[2025-02-17 20:18:00,820] WARN [org.hibernate.orm.connections.pooling: 86] HHH10001002: Using built-in connection pool (not intended for production use)
[2025-02-17 20:18:01,036] WARN [org.hibernate.orm.deprecation: 153] HHH90000025: PostgreSQLDialect does not need to be specified explicitly using 'hibernate.dialect' (remove the property setting and it will be selected by default)
[2025-02-17 20:18:01,053] INFO [org.hibernate.orm.connections.pooling: 157] HHH10001005: Database info:
	Database JDBC URL [jdbc:postgresql://localhost:5432/postgres]
	Database driver: org.postgresql.Driver
	Database version: 17.2
	Autocommit mode: false
	Isolation level: undefined/unknown
	Minimum pool size: 1
	Maximum pool size: 20
[2025-02-17 20:18:02,260] INFO [org.hibernate.engine.transaction.jta.platform.internal.JtaPlatformInitiator: 59] HHH000489: No JTA platform available (set 'hibernate.transaction.jta.platform' to enable JTA platform integration)
[2025-02-17 20:18:02,322] WARN [org.hibernate.engine.jdbc.spi.SqlExceptionHelper: 145] SQL Error: 0, SQLState: 23502
[2025-02-17 20:18:02,323] ERROR [org.hibernate.engine.jdbc.spi.SqlExceptionHelper: 150] ERROR: null value in column "product_id" of relation "product_review" violates not-null constraint
  Подробности: Failing row contains (2, null, 2025-02-17 20:18:00.351082, null, xe, df, 3).
[2025-02-17 20:18:02,329] ERROR [org.hibernate.orm.connections.pooling: 483] Connection leak detected: there are 1 unclosed connections upon shutting down pool jdbc:postgresql://localhost:5432/postgres
[2025-02-17 20:18:02,330] ERROR [org.hibernate.orm.connections.pooling: 311] Connection leak detected: there are 1 unclosed connections
[2025-02-17 20:19:10,532] INFO [org.hibernate.Version: 44] HHH000412: Hibernate ORM core version 6.6.7.Final
[2025-02-17 20:19:10,789] INFO [org.hibernate.cache.internal.RegionFactoryInitiator: 50] HHH000026: Second-level cache disabled
[2025-02-17 20:19:10,923] WARN [org.hibernate.orm.connections.pooling: 86] HHH10001002: Using built-in connection pool (not intended for production use)
[2025-02-17 20:19:11,130] WARN [org.hibernate.orm.deprecation: 153] HHH90000025: PostgreSQLDialect does not need to be specified explicitly using 'hibernate.dialect' (remove the property setting and it will be selected by default)
[2025-02-17 20:19:11,151] INFO [org.hibernate.orm.connections.pooling: 157] HHH10001005: Database info:
	Database JDBC URL [jdbc:postgresql://localhost:5432/postgres]
	Database driver: org.postgresql.Driver
	Database version: 17.2
	Autocommit mode: false
	Isolation level: undefined/unknown
	Minimum pool size: 1
	Maximum pool size: 20
[2025-02-17 20:19:12,239] INFO [org.hibernate.engine.transaction.jta.platform.internal.JtaPlatformInitiator: 59] HHH000489: No JTA platform available (set 'hibernate.transaction.jta.platform' to enable JTA platform integration)
[2025-02-17 20:19:12,300] WARN [org.hibernate.engine.jdbc.spi.SqlExceptionHelper: 145] SQL Error: 0, SQLState: 23503
[2025-02-17 20:19:12,300] ERROR [org.hibernate.engine.jdbc.spi.SqlExceptionHelper: 150] ERROR: insert or update on table "product_review" violates foreign key constraint "product_review_id_user_fkey"
  Подробности: Key (id_user)=(1) is not present in table "users".
[2025-02-17 20:19:12,307] ERROR [org.hibernate.orm.connections.pooling: 483] Connection leak detected: there are 1 unclosed connections upon shutting down pool jdbc:postgresql://localhost:5432/postgres
[2025-02-17 20:19:12,308] ERROR [org.hibernate.orm.connections.pooling: 311] Connection leak detected: there are 1 unclosed connections
[2025-02-17 20:27:54,808] INFO [org.hibernate.Version: 44] HHH000412: Hibernate ORM core version 6.6.7.Final
[2025-02-17 20:27:55,049] INFO [org.hibernate.cache.internal.RegionFactoryInitiator: 50] HHH000026: Second-level cache disabled
[2025-02-17 20:27:55,167] WARN [org.hibernate.orm.connections.pooling: 86] HHH10001002: Using built-in connection pool (not intended for production use)
[2025-02-17 20:27:55,364] WARN [org.hibernate.orm.deprecation: 153] HHH90000025: PostgreSQLDialect does not need to be specified explicitly using 'hibernate.dialect' (remove the property setting and it will be selected by default)
[2025-02-17 20:27:55,380] INFO [org.hibernate.orm.connections.pooling: 157] HHH10001005: Database info:
	Database JDBC URL [jdbc:postgresql://localhost:5432/postgres]
	Database driver: org.postgresql.Driver
	Database version: 17.2
	Autocommit mode: false
	Isolation level: undefined/unknown
	Minimum pool size: 1
	Maximum pool size: 20
[2025-02-17 20:27:56,430] INFO [org.hibernate.engine.transaction.jta.platform.internal.JtaPlatformInitiator: 59] HHH000489: No JTA platform available (set 'hibernate.transaction.jta.platform' to enable JTA platform integration)
[2025-02-17 20:29:16,677] INFO [org.hibernate.Version: 44] HHH000412: Hibernate ORM core version 6.6.7.Final
[2025-02-17 20:29:16,922] INFO [org.hibernate.cache.internal.RegionFactoryInitiator: 50] HHH000026: Second-level cache disabled
[2025-02-17 20:29:17,038] WARN [org.hibernate.orm.connections.pooling: 86] HHH10001002: Using built-in connection pool (not intended for production use)
[2025-02-17 20:29:17,241] WARN [org.hibernate.orm.deprecation: 153] HHH90000025: PostgreSQLDialect does not need to be specified explicitly using 'hibernate.dialect' (remove the property setting and it will be selected by default)
[2025-02-17 20:29:17,258] INFO [org.hibernate.orm.connections.pooling: 157] HHH10001005: Database info:
	Database JDBC URL [jdbc:postgresql://localhost:5432/postgres]
	Database driver: org.postgresql.Driver
	Database version: 17.2
	Autocommit mode: false
	Isolation level: undefined/unknown
	Minimum pool size: 1
	Maximum pool size: 20
[2025-02-17 20:29:18,267] INFO [org.hibernate.engine.transaction.jta.platform.internal.JtaPlatformInitiator: 59] HHH000489: No JTA platform available (set 'hibernate.transaction.jta.platform' to enable JTA platform integration)
[2025-02-17 20:29:18,302] ERROR [org.hibernate.orm.connections.pooling: 483] Connection leak detected: there are 1 unclosed connections upon shutting down pool jdbc:postgresql://localhost:5432/postgres
[2025-02-17 20:29:18,303] ERROR [org.hibernate.orm.connections.pooling: 311] Connection leak detected: there are 1 unclosed connections
[2025-02-17 20:29:38,423] INFO [org.hibernate.Version: 44] HHH000412: Hibernate ORM core version 6.6.7.Final
[2025-02-17 20:29:38,664] INFO [org.hibernate.cache.internal.RegionFactoryInitiator: 50] HHH000026: Second-level cache disabled
[2025-02-17 20:29:38,782] WARN [org.hibernate.orm.connections.pooling: 86] HHH10001002: Using built-in connection pool (not intended for production use)
[2025-02-17 20:29:38,984] WARN [org.hibernate.orm.deprecation: 153] HHH90000025: PostgreSQLDialect does not need to be specified explicitly using 'hibernate.dialect' (remove the property setting and it will be selected by default)
[2025-02-17 20:29:39,001] INFO [org.hibernate.orm.connections.pooling: 157] HHH10001005: Database info:
	Database JDBC URL [jdbc:postgresql://localhost:5432/postgres]
	Database driver: org.postgresql.Driver
	Database version: 17.2
	Autocommit mode: false
	Isolation level: undefined/unknown
	Minimum pool size: 1
	Maximum pool size: 20
[2025-02-17 20:29:40,101] INFO [org.hibernate.engine.transaction.jta.platform.internal.JtaPlatformInitiator: 59] HHH000489: No JTA platform available (set 'hibernate.transaction.jta.platform' to enable JTA platform integration)
[2025-02-17 20:29:40,164] WARN [org.hibernate.engine.jdbc.spi.SqlExceptionHelper: 145] SQL Error: 0, SQLState: 42703
[2025-02-17 20:29:40,164] ERROR [org.hibernate.engine.jdbc.spi.SqlExceptionHelper: 150] ERROR: column "create_date" of relation "shopping_cart" does not exist
  Позиция: 41
[2025-02-17 20:29:40,169] ERROR [org.hibernate.orm.connections.pooling: 483] Connection leak detected: there are 1 unclosed connections upon shutting down pool jdbc:postgresql://localhost:5432/postgres
[2025-02-17 20:29:40,171] ERROR [org.hibernate.orm.connections.pooling: 311] Connection leak detected: there are 1 unclosed connections
[2025-02-17 20:30:06,138] INFO [org.hibernate.Version: 44] HHH000412: Hibernate ORM core version 6.6.7.Final
[2025-02-17 20:30:06,388] INFO [org.hibernate.cache.internal.RegionFactoryInitiator: 50] HHH000026: Second-level cache disabled
[2025-02-17 20:30:06,505] WARN [org.hibernate.orm.connections.pooling: 86] HHH10001002: Using built-in connection pool (not intended for production use)
[2025-02-17 20:30:06,714] WARN [org.hibernate.orm.deprecation: 153] HHH90000025: PostgreSQLDialect does not need to be specified explicitly using 'hibernate.dialect' (remove the property setting and it will be selected by default)
[2025-02-17 20:30:06,731] INFO [org.hibernate.orm.connections.pooling: 157] HHH10001005: Database info:
	Database JDBC URL [jdbc:postgresql://localhost:5432/postgres]
	Database driver: org.postgresql.Driver
	Database version: 17.2
	Autocommit mode: false
	Isolation level: undefined/unknown
	Minimum pool size: 1
	Maximum pool size: 20
[2025-02-17 20:30:07,783] INFO [org.hibernate.engine.transaction.jta.platform.internal.JtaPlatformInitiator: 59] HHH000489: No JTA platform available (set 'hibernate.transaction.jta.platform' to enable JTA platform integration)
